<?xml version="1.0" encoding="UTF-8"?>
<testsuite xmlns:xsi="http://www.w3.org/2001/XMLSchema-instance" xsi:noNamespaceSchemaLocation="https://maven.apache.org/surefire/maven-surefire-plugin/xsd/surefire-test-report.xsd" name="com.system.dao.TestAccountDao" time="1.122" tests="4" errors="0" skipped="0" failures="0">
  <properties>
    <property name="sun.desktop" value="gnome"/>
    <property name="awt.toolkit" value="sun.awt.X11.XToolkit"/>
    <property name="java.specification.version" value="11"/>
    <property name="sun.cpu.isalist" value=""/>
    <property name="sun.jnu.encoding" value="UTF-8"/>
    <property name="java.class.path" value="/home/dt-gamer/payment_management_system/target/test-classes:/home/dt-gamer/payment_management_system/target/classes:/home/dt-gamer/.m2/repository/com/heroku/sdk/heroku-jdbc/0.1.1/heroku-jdbc-0.1.1.jar:/home/dt-gamer/.m2/repository/javax/javaee-web-api/8.0.1/javaee-web-api-8.0.1.jar:/home/dt-gamer/.m2/repository/javax/servlet/jsp/jsp-api/2.2/jsp-api-2.2.jar:/home/dt-gamer/.m2/repository/jstl/jstl/1.2/jstl-1.2.jar:/home/dt-gamer/.m2/repository/commons-lang/commons-lang/2.6/commons-lang-2.6.jar:/home/dt-gamer/.m2/repository/log4j/log4j/1.2.17/log4j-1.2.17.jar:/home/dt-gamer/.m2/repository/junit/junit/4.13.2/junit-4.13.2.jar:/home/dt-gamer/.m2/repository/org/hamcrest/hamcrest-core/1.3/hamcrest-core-1.3.jar:/home/dt-gamer/.m2/repository/org/mockito/mockito-all/1.10.19/mockito-all-1.10.19.jar:/home/dt-gamer/.m2/repository/org/jetbrains/annotations/13.0/annotations-13.0.jar:/home/dt-gamer/.m2/repository/com/mysql/mysql-connector-j/8.1.0/mysql-connector-j-8.1.0.jar:/home/dt-gamer/.m2/repository/com/google/protobuf/protobuf-java/3.21.9/protobuf-java-3.21.9.jar:"/>
    <property name="java.vm.vendor" value="Ubuntu"/>
    <property name="sun.arch.data.model" value="64"/>
    <property name="java.vendor.url" value="https://ubuntu.com/"/>
    <property name="user.timezone" value=""/>
    <property name="java.vm.specification.version" value="11"/>
    <property name="os.name" value="Linux"/>
    <property name="sun.java.launcher" value="SUN_STANDARD"/>
    <property name="user.country" value="NG"/>
    <property name="sun.boot.library.path" value="/usr/lib/jvm/java-11-openjdk-amd64/lib"/>
    <property name="sun.java.command" value="/home/dt-gamer/payment_management_system/target/surefire/surefirebooter18053701823498231103.jar /home/dt-gamer/payment_management_system/target/surefire 2023-12-18T16-40-42_988-jvmRun1 surefire12108029557702086283tmp surefire_010130867810254412269tmp"/>
    <property name="jdk.debug" value="release"/>
    <property name="surefire.test.class.path" value="/home/dt-gamer/payment_management_system/target/test-classes:/home/dt-gamer/payment_management_system/target/classes:/home/dt-gamer/.m2/repository/com/heroku/sdk/heroku-jdbc/0.1.1/heroku-jdbc-0.1.1.jar:/home/dt-gamer/.m2/repository/javax/javaee-web-api/8.0.1/javaee-web-api-8.0.1.jar:/home/dt-gamer/.m2/repository/javax/servlet/jsp/jsp-api/2.2/jsp-api-2.2.jar:/home/dt-gamer/.m2/repository/jstl/jstl/1.2/jstl-1.2.jar:/home/dt-gamer/.m2/repository/commons-lang/commons-lang/2.6/commons-lang-2.6.jar:/home/dt-gamer/.m2/repository/log4j/log4j/1.2.17/log4j-1.2.17.jar:/home/dt-gamer/.m2/repository/junit/junit/4.13.2/junit-4.13.2.jar:/home/dt-gamer/.m2/repository/org/hamcrest/hamcrest-core/1.3/hamcrest-core-1.3.jar:/home/dt-gamer/.m2/repository/org/mockito/mockito-all/1.10.19/mockito-all-1.10.19.jar:/home/dt-gamer/.m2/repository/org/jetbrains/annotations/13.0/annotations-13.0.jar:/home/dt-gamer/.m2/repository/com/mysql/mysql-connector-j/8.1.0/mysql-connector-j-8.1.0.jar:/home/dt-gamer/.m2/repository/com/google/protobuf/protobuf-java/3.21.9/protobuf-java-3.21.9.jar:"/>
    <property name="sun.cpu.endian" value="little"/>
    <property name="user.home" value="/home/dt-gamer"/>
    <property name="user.language" value="en"/>
    <property name="java.specification.vendor" value="Oracle Corporation"/>
    <property name="java.version.date" value="2023-08-24"/>
    <property name="java.home" value="/usr/lib/jvm/java-11-openjdk-amd64"/>
    <property name="file.separator" value="/"/>
    <property name="basedir" value="/home/dt-gamer/payment_management_system"/>
    <property name="java.vm.compressedOopsMode" value="32-bit"/>
    <property name="line.separator" value="&#10;"/>
    <property name="java.specification.name" value="Java Platform API Specification"/>
    <property name="java.vm.specification.vendor" value="Oracle Corporation"/>
    <property name="java.awt.graphicsenv" value="sun.awt.X11GraphicsEnvironment"/>
    <property name="surefire.real.class.path" value="/home/dt-gamer/payment_management_system/target/surefire/surefirebooter18053701823498231103.jar"/>
    <property name="sun.management.compiler" value="HotSpot 64-Bit Tiered Compilers"/>
    <property name="java.runtime.version" value="11.0.20.1+1-post-Ubuntu-0ubuntu120.04"/>
    <property name="user.name" value="dt-gamer"/>
    <property name="path.separator" value=":"/>
    <property name="os.version" value="5.15.0-83-generic"/>
    <property name="java.runtime.name" value="OpenJDK Runtime Environment"/>
    <property name="file.encoding" value="UTF-8"/>
    <property name="java.vm.name" value="OpenJDK 64-Bit Server VM"/>
    <property name="localRepository" value="/home/dt-gamer/.m2/repository"/>
    <property name="java.vendor.url.bug" value="https://bugs.launchpad.net/ubuntu/+source/openjdk-lts"/>
    <property name="java.io.tmpdir" value="/tmp"/>
    <property name="java.version" value="11.0.20.1"/>
    <property name="user.dir" value="/home/dt-gamer/payment_management_system"/>
    <property name="os.arch" value="amd64"/>
    <property name="java.vm.specification.name" value="Java Virtual Machine Specification"/>
    <property name="java.awt.printerjob" value="sun.print.PSPrinterJob"/>
    <property name="sun.os.patch.level" value="unknown"/>
    <property name="java.library.path" value="/usr/java/packages/lib:/usr/lib/x86_64-linux-gnu/jni:/lib/x86_64-linux-gnu:/usr/lib/x86_64-linux-gnu:/usr/lib/jni:/lib:/usr/lib"/>
    <property name="java.vm.info" value="mixed mode, sharing"/>
    <property name="java.vendor" value="Ubuntu"/>
    <property name="java.vm.version" value="11.0.20.1+1-post-Ubuntu-0ubuntu120.04"/>
    <property name="java.specification.maintenance.version" value="2"/>
    <property name="sun.io.unicode.encoding" value="UnicodeLittle"/>
    <property name="java.class.version" value="55.0"/>
  </properties>
  <testcase name="testFindAllAccountsOfUser" classname="com.system.dao.TestAccountDao" time="0.005"/>
  <testcase name="testCreateAccount" classname="com.system.dao.TestAccountDao" time="0"/>
  <testcase name="testUpdateAccount" classname="com.system.dao.TestAccountDao" time="0"/>
  <testcase name="testFindAccountById" classname="com.system.dao.TestAccountDao" time="0"/>
</testsuite>